<?xml version="1.0" encoding="UTF-8"?>
<beans xmlns="http://www.springframework.org/schema/beans"
       xmlns:xsi="http://www.w3.org/2001/XMLSchema-instance"
       xmlns:context="http://www.springframework.org/schema/context"
       xsi:schemaLocation="
           http://www.springframework.org/schema/beans
           http://www.springframework.org/schema/beans/spring-beans-3.1.xsd
           http://www.springframework.org/schema/context
           http://www.springframework.org/schema/context/spring-context-3.1.xsd">
           
    <context:component-scan base-package="com.dynamo2.myerp" />

	<!-- Imports the configurations of the different infrastructure systems of the application -->
	<import resource="classpath:/com/dynamo2/myerp/crm/springcfg/data-access-config.xml" />
	<import resource="classpath:/com/dynamo2/myerp/crm/springcfg/mail-config.xml" />


</beans>
